<?xml version="1.0" encoding="UTF-8"?>
<robot generator="Robot 2.9 (Jython 2.7.0 on java1.8.0_71)" generated="20160225 08:50:10.734">
<suite source="C:\Users\Owner\Desktop\CS310\termProject\acceptance\ParserFeature3AcceptanceTest.txt" name="ParserFeature3AcceptanceTest" id="s1">
<test name="Test Incorrect Datatype Message" id="s1-t1">
<kw library="ParserKeywords" name="Start Program With Arguments">
<arguments>
<arg>7</arg>
<arg>something</arg>
<arg>2</arg>
</arguments>
<status endtime="20160225 08:50:11.480" starttime="20160225 08:50:11.469" status="PASS"></status>
</kw>
<kw library="ParserKeywords" name="Get Program Output">
<assign>
<var>${output}</var>
</assign>
<msg level="INFO" timestamp="20160225 08:50:11.490">${output} = usage: java VolumeCalculator length width height
VolumeCalcultor.java: error: argument width: invalid float value: something</msg>
<status endtime="20160225 08:50:11.492" starttime="20160225 08:50:11.484" status="PASS"></status>
</kw>
<kw library="BuiltIn" name="Should Be Equal">
<doc>Fails if the given objects are unequal.</doc>
<arguments>
<arg>${output}</arg>
<arg>${expected}</arg>
</arguments>
<status endtime="20160225 08:50:11.504" starttime="20160225 08:50:11.496" status="PASS"></status>
</kw>
<status critical="yes" endtime="20160225 08:50:11.507" starttime="20160225 08:50:11.458" status="PASS"></status>
</test>
<status endtime="20160225 08:50:11.514" starttime="20160225 08:50:10.756" status="PASS"></status>
</suite>
<statistics>
<total>
<stat pass="1" fail="0">Critical Tests</stat>
<stat pass="1" fail="0">All Tests</stat>
</total>
<tag>
</tag>
<suite>
<stat pass="1" fail="0" name="ParserFeature3AcceptanceTest" id="s1">ParserFeature3AcceptanceTest</stat>
</suite>
</statistics>
<errors>
</errors>
</robot>
