<?xml version="1.0" encoding="UTF-8"?>
<robot generator="Robot 2.9 (Jython 2.7.0 on java1.8.0_71)" generated="20160326 15:44:07.053">
<suite source="C:\Users\Owner\Desktop\CS310\termProject\acceptance\ParserFeatureAcceptanceTest.txt" name="ParserFeatureAcceptanceTest" id="s1">
<test name="Test Volume Calculator Normal Function" id="s1-t1">
<kw library="ParserKeywords" name="Start Volume Cacluator With Arguments">
<arguments>
<arg>7</arg>
<arg>5</arg>
<arg>2</arg>
</arguments>
<status endtime="20160326 15:44:07.957" starttime="20160326 15:44:07.911" status="PASS"></status>
</kw>
<kw library="ParserKeywords" name="Get Length">
<assign>
<var>${length}</var>
</assign>
<msg level="WARN" timestamp="20160326 15:44:07.957">Keyword 'Get Length' found both from a custom test library 'ParserKeywords' and a standard library 'BuiltIn'. The custom keyword is used. To select explicitly, and to get rid of this warning, use either 'ParserKeywords.Get Length' or 'BuiltIn.Get Length'.</msg>
<msg level="INFO" timestamp="20160326 15:44:07.973">${length} = 7</msg>
<status endtime="20160326 15:44:07.973" starttime="20160326 15:44:07.957" status="PASS"></status>
</kw>
<kw library="BuiltIn" name="Should Be Equal">
<doc>Fails if the given objects are unequal.</doc>
<arguments>
<arg>7</arg>
<arg>${length}</arg>
</arguments>
<status endtime="20160326 15:44:07.989" starttime="20160326 15:44:07.973" status="PASS"></status>
</kw>
<kw library="ParserKeywords" name="Get Width">
<assign>
<var>${width}</var>
</assign>
<msg level="INFO" timestamp="20160326 15:44:07.989">${width} = 5</msg>
<status endtime="20160326 15:44:07.989" starttime="20160326 15:44:07.989" status="PASS"></status>
</kw>
<kw library="BuiltIn" name="Should Be Equal">
<doc>Fails if the given objects are unequal.</doc>
<arguments>
<arg>5</arg>
<arg>${width}</arg>
</arguments>
<status endtime="20160326 15:44:08.004" starttime="20160326 15:44:07.989" status="PASS"></status>
</kw>
<kw library="ParserKeywords" name="Get Height">
<assign>
<var>${height}</var>
</assign>
<msg level="INFO" timestamp="20160326 15:44:08.004">${height} = 2</msg>
<status endtime="20160326 15:44:08.004" starttime="20160326 15:44:08.004" status="PASS"></status>
</kw>
<kw library="BuiltIn" name="Should Be Equal">
<doc>Fails if the given objects are unequal.</doc>
<arguments>
<arg>2</arg>
<arg>${height}</arg>
</arguments>
<status endtime="20160326 15:44:08.020" starttime="20160326 15:44:08.020" status="PASS"></status>
</kw>
<kw library="ParserKeywords" name="Get Program Output">
<assign>
<var>${output}</var>
</assign>
<msg level="INFO" timestamp="20160326 15:44:08.035">${output} = 70.0</msg>
<status endtime="20160326 15:44:08.035" starttime="20160326 15:44:08.020" status="PASS"></status>
</kw>
<kw library="BuiltIn" name="Should Be Equal">
<doc>Fails if the given objects are unequal.</doc>
<arguments>
<arg>${output}</arg>
<arg>70.0</arg>
</arguments>
<status endtime="20160326 15:44:08.035" starttime="20160326 15:44:08.035" status="PASS"></status>
</kw>
<status critical="yes" endtime="20160326 15:44:08.035" starttime="20160326 15:44:07.895" status="PASS"></status>
</test>
<test name="Test Unrecognized Argument" id="s1-t2">
<kw library="ParserKeywords" name="Start Volume Cacluator With Arguments">
<arguments>
<arg>7</arg>
<arg>5</arg>
<arg>2</arg>
<arg>43</arg>
</arguments>
<status endtime="20160326 15:44:08.051" starttime="20160326 15:44:08.051" status="PASS"></status>
</kw>
<kw library="ParserKeywords" name="Get Program Output">
<assign>
<var>${output}</var>
</assign>
<msg level="INFO" timestamp="20160326 15:44:08.067">${output} = usage: java VolumeCalculator length width height
VolumeCalcultor.java: error: unrecognized arguments: 43</msg>
<status endtime="20160326 15:44:08.067" starttime="20160326 15:44:08.067" status="PASS"></status>
</kw>
<kw library="BuiltIn" name="Should Be Equal">
<doc>Fails if the given objects are unequal.</doc>
<arguments>
<arg>${output}</arg>
<arg>${expected}</arg>
</arguments>
<status endtime="20160326 15:44:08.082" starttime="20160326 15:44:08.067" status="PASS"></status>
</kw>
<status critical="yes" endtime="20160326 15:44:08.082" starttime="20160326 15:44:08.051" status="PASS"></status>
</test>
<test name="Test Absurd Program Normal Function" id="s1-t3">
<kw library="ParserKeywords" name="Start Absurd Program With Arguments">
<arguments>
<arg>dog</arg>
<arg>2</arg>
<arg>true</arg>
<arg>3.5</arg>
</arguments>
<status endtime="20160326 15:44:08.098" starttime="20160326 15:44:08.098" status="PASS"></status>
</kw>
<kw library="ParserKeywords" name="Get Pet">
<assign>
<var>${pet}</var>
</assign>
<msg level="INFO" timestamp="20160326 15:44:08.113">${pet} = dog</msg>
<status endtime="20160326 15:44:08.113" starttime="20160326 15:44:08.098" status="PASS"></status>
</kw>
<kw library="BuiltIn" name="Should Be Equal">
<doc>Fails if the given objects are unequal.</doc>
<arguments>
<arg>dog</arg>
<arg>${pet}</arg>
</arguments>
<status endtime="20160326 15:44:08.113" starttime="20160326 15:44:08.113" status="PASS"></status>
</kw>
<kw library="ParserKeywords" name="Get Number">
<assign>
<var>${number}</var>
</assign>
<msg level="INFO" timestamp="20160326 15:44:08.129">${number} = 2</msg>
<status endtime="20160326 15:44:08.129" starttime="20160326 15:44:08.113" status="PASS"></status>
</kw>
<kw library="BuiltIn" name="Should Be Equal">
<doc>Fails if the given objects are unequal.</doc>
<arguments>
<arg>2</arg>
<arg>${number}</arg>
</arguments>
<status endtime="20160326 15:44:08.129" starttime="20160326 15:44:08.129" status="PASS"></status>
</kw>
<kw library="ParserKeywords" name="Get Rainy">
<assign>
<var>${rainy}</var>
</assign>
<msg level="INFO" timestamp="20160326 15:44:08.145">${rainy} = true</msg>
<status endtime="20160326 15:44:08.145" starttime="20160326 15:44:08.145" status="PASS"></status>
</kw>
<kw library="BuiltIn" name="Should Be Equal">
<doc>Fails if the given objects are unequal.</doc>
<arguments>
<arg>true</arg>
<arg>${rainy}</arg>
</arguments>
<status endtime="20160326 15:44:08.145" starttime="20160326 15:44:08.145" status="PASS"></status>
</kw>
<kw library="ParserKeywords" name="Get Bathrooms">
<assign>
<var>${bathrooms}</var>
</assign>
<msg level="INFO" timestamp="20160326 15:44:08.160">${bathrooms} = 3.5</msg>
<status endtime="20160326 15:44:08.160" starttime="20160326 15:44:08.160" status="PASS"></status>
</kw>
<kw library="BuiltIn" name="Should Be Equal">
<doc>Fails if the given objects are unequal.</doc>
<arguments>
<arg>3.5</arg>
<arg>${bathrooms}</arg>
</arguments>
<status endtime="20160326 15:44:08.160" starttime="20160326 15:44:08.160" status="PASS"></status>
</kw>
<status critical="yes" endtime="20160326 15:44:08.176" starttime="20160326 15:44:08.082" status="PASS"></status>
</test>
<test name="Test Usage Message" id="s1-t4">
<kw library="ParserKeywords" name="Start Program With Arguments">
<arguments>
<arg>-h</arg>
</arguments>
<status endtime="20160326 15:44:08.191" starttime="20160326 15:44:08.176" status="PASS"></status>
</kw>
<kw library="ParserKeywords" name="Get Program Output">
<assign>
<var>${output}</var>
</assign>
<msg level="INFO" timestamp="20160326 15:44:08.191">${output} = usage: java VolumeCalculator length width height
Calcuate the volume of a box.
positional arguments:
length the length of the box (float)
width the width of the box(float)
height the height of the box...</msg>
<status endtime="20160326 15:44:08.191" starttime="20160326 15:44:08.191" status="PASS"></status>
</kw>
<kw library="BuiltIn" name="Should Be Equal">
<doc>Fails if the given objects are unequal.</doc>
<arguments>
<arg>${expected1}</arg>
<arg>${output}</arg>
</arguments>
<status endtime="20160326 15:44:08.207" starttime="20160326 15:44:08.191" status="PASS"></status>
</kw>
<status critical="yes" endtime="20160326 15:44:08.207" starttime="20160326 15:44:08.176" status="PASS"></status>
</test>
<test name="Test Incorrect Datatype Message" id="s1-t5">
<kw library="ParserKeywords" name="Start Program With Arguments">
<arguments>
<arg>7</arg>
<arg>something</arg>
<arg>2</arg>
</arguments>
<status endtime="20160326 15:44:08.238" starttime="20160326 15:44:08.207" status="PASS"></status>
</kw>
<kw library="ParserKeywords" name="Get Program Output">
<assign>
<var>${output}</var>
</assign>
<msg level="INFO" timestamp="20160326 15:44:08.238">${output} = usage: java VolumeCalculator length width height
VolumeCalcultor.java: error: argument width: invalid float value: something</msg>
<status endtime="20160326 15:44:08.238" starttime="20160326 15:44:08.238" status="PASS"></status>
</kw>
<kw library="BuiltIn" name="Should Be Equal">
<doc>Fails if the given objects are unequal.</doc>
<arguments>
<arg>${output}</arg>
<arg>${expected2}</arg>
</arguments>
<status endtime="20160326 15:44:08.254" starttime="20160326 15:44:08.238" status="PASS"></status>
</kw>
<status critical="yes" endtime="20160326 15:44:08.254" starttime="20160326 15:44:08.207" status="PASS"></status>
</test>
<test name="Test Named Argument Defaults" id="s1-t6">
<kw library="ParserKeywords" name="Start Volume Cacluator With Arguments">
<arguments>
<arg>7</arg>
<arg>3</arg>
<arg>2</arg>
</arguments>
<status endtime="20160326 15:44:08.269" starttime="20160326 15:44:08.269" status="PASS"></status>
</kw>
<kw library="ParserKeywords" name="Get Length">
<assign>
<var>${length}</var>
</assign>
<msg level="WARN" timestamp="20160326 15:44:07.957">Keyword 'Get Length' found both from a custom test library 'ParserKeywords' and a standard library 'BuiltIn'. The custom keyword is used. To select explicitly, and to get rid of this warning, use either 'ParserKeywords.Get Length' or 'BuiltIn.Get Length'.</msg>
<msg level="WARN" timestamp="20160326 15:44:08.269">Keyword 'Get Length' found both from a custom test library 'ParserKeywords' and a standard library 'BuiltIn'. The custom keyword is used. To select explicitly, and to get rid of this warning, use either 'ParserKeywords.Get Length' or 'BuiltIn.Get Length'.</msg>
<msg level="INFO" timestamp="20160326 15:44:08.285">${length} = 7</msg>
<status endtime="20160326 15:44:08.285" starttime="20160326 15:44:08.269" status="PASS"></status>
</kw>
<kw library="BuiltIn" name="Should Be Equal">
<doc>Fails if the given objects are unequal.</doc>
<arguments>
<arg>7</arg>
<arg>${length}</arg>
</arguments>
<status endtime="20160326 15:44:08.285" starttime="20160326 15:44:08.285" status="PASS"></status>
</kw>
<kw library="ParserKeywords" name="Get Width">
<assign>
<var>${width}</var>
</assign>
<msg level="INFO" timestamp="20160326 15:44:08.301">${width} = 3</msg>
<status endtime="20160326 15:44:08.301" starttime="20160326 15:44:08.285" status="PASS"></status>
</kw>
<kw library="BuiltIn" name="Should Be Equal">
<doc>Fails if the given objects are unequal.</doc>
<arguments>
<arg>3</arg>
<arg>${width}</arg>
</arguments>
<status endtime="20160326 15:44:08.301" starttime="20160326 15:44:08.301" status="PASS"></status>
</kw>
<kw library="ParserKeywords" name="Get Height">
<assign>
<var>${height}</var>
</assign>
<msg level="INFO" timestamp="20160326 15:44:08.316">${height} = 2</msg>
<status endtime="20160326 15:44:08.316" starttime="20160326 15:44:08.301" status="PASS"></status>
</kw>
<kw library="BuiltIn" name="Should Be Equal">
<doc>Fails if the given objects are unequal.</doc>
<arguments>
<arg>2</arg>
<arg>${height}</arg>
</arguments>
<status endtime="20160326 15:44:08.332" starttime="20160326 15:44:08.316" status="PASS"></status>
</kw>
<kw library="ParserKeywords" name="Get Type">
<assign>
<var>${type}</var>
</assign>
<msg level="INFO" timestamp="20160326 15:44:08.332">${type} = box</msg>
<status endtime="20160326 15:44:08.332" starttime="20160326 15:44:08.332" status="PASS"></status>
</kw>
<kw library="BuiltIn" name="Should Be Equal">
<doc>Fails if the given objects are unequal.</doc>
<arguments>
<arg>box</arg>
<arg>${type}</arg>
</arguments>
<status endtime="20160326 15:44:08.347" starttime="20160326 15:44:08.332" status="PASS"></status>
</kw>
<kw library="ParserKeywords" name="Get Digits">
<assign>
<var>${digits}</var>
</assign>
<msg level="INFO" timestamp="20160326 15:44:08.347">${digits} = 4</msg>
<status endtime="20160326 15:44:08.347" starttime="20160326 15:44:08.347" status="PASS"></status>
</kw>
<kw library="BuiltIn" name="Should Be Equal">
<doc>Fails if the given objects are unequal.</doc>
<arguments>
<arg>4</arg>
<arg>${digits}</arg>
</arguments>
<status endtime="20160326 15:44:08.363" starttime="20160326 15:44:08.363" status="PASS"></status>
</kw>
<status critical="yes" endtime="20160326 15:44:08.363" starttime="20160326 15:44:08.254" status="PASS"></status>
</test>
<test name="Test Named Argument Single" id="s1-t7">
<kw library="ParserKeywords" name="Start Volume Cacluator With Arguments">
<arguments>
<arg>7</arg>
<arg>3</arg>
<arg>2</arg>
<arg>--type</arg>
<arg>ellipsoid</arg>
</arguments>
<status endtime="20160326 15:44:08.379" starttime="20160326 15:44:08.379" status="PASS"></status>
</kw>
<kw library="ParserKeywords" name="Get Length">
<assign>
<var>${length}</var>
</assign>
<msg level="WARN" timestamp="20160326 15:44:07.957">Keyword 'Get Length' found both from a custom test library 'ParserKeywords' and a standard library 'BuiltIn'. The custom keyword is used. To select explicitly, and to get rid of this warning, use either 'ParserKeywords.Get Length' or 'BuiltIn.Get Length'.</msg>
<msg level="WARN" timestamp="20160326 15:44:08.269">Keyword 'Get Length' found both from a custom test library 'ParserKeywords' and a standard library 'BuiltIn'. The custom keyword is used. To select explicitly, and to get rid of this warning, use either 'ParserKeywords.Get Length' or 'BuiltIn.Get Length'.</msg>
<msg level="WARN" timestamp="20160326 15:44:08.379">Keyword 'Get Length' found both from a custom test library 'ParserKeywords' and a standard library 'BuiltIn'. The custom keyword is used. To select explicitly, and to get rid of this warning, use either 'ParserKeywords.Get Length' or 'BuiltIn.Get Length'.</msg>
<msg level="INFO" timestamp="20160326 15:44:08.394">${length} = 7</msg>
<status endtime="20160326 15:44:08.394" starttime="20160326 15:44:08.379" status="PASS"></status>
</kw>
<kw library="BuiltIn" name="Should Be Equal">
<doc>Fails if the given objects are unequal.</doc>
<arguments>
<arg>7</arg>
<arg>${length}</arg>
</arguments>
<status endtime="20160326 15:44:08.410" starttime="20160326 15:44:08.410" status="PASS"></status>
</kw>
<kw library="ParserKeywords" name="Get Width">
<assign>
<var>${width}</var>
</assign>
<msg level="INFO" timestamp="20160326 15:44:08.410">${width} = 3</msg>
<status endtime="20160326 15:44:08.410" starttime="20160326 15:44:08.410" status="PASS"></status>
</kw>
<kw library="BuiltIn" name="Should Be Equal">
<doc>Fails if the given objects are unequal.</doc>
<arguments>
<arg>3</arg>
<arg>${width}</arg>
</arguments>
<status endtime="20160326 15:44:08.425" starttime="20160326 15:44:08.410" status="PASS"></status>
</kw>
<kw library="ParserKeywords" name="Get Height">
<assign>
<var>${height}</var>
</assign>
<msg level="INFO" timestamp="20160326 15:44:08.425">${height} = 2</msg>
<status endtime="20160326 15:44:08.425" starttime="20160326 15:44:08.425" status="PASS"></status>
</kw>
<kw library="BuiltIn" name="Should Be Equal">
<doc>Fails if the given objects are unequal.</doc>
<arguments>
<arg>2</arg>
<arg>${height}</arg>
</arguments>
<status endtime="20160326 15:44:08.441" starttime="20160326 15:44:08.441" status="PASS"></status>
</kw>
<kw library="ParserKeywords" name="Get Type">
<assign>
<var>${type}</var>
</assign>
<msg level="INFO" timestamp="20160326 15:44:08.441">${type} = ellipsoid</msg>
<status endtime="20160326 15:44:08.441" starttime="20160326 15:44:08.441" status="PASS"></status>
</kw>
<kw library="BuiltIn" name="Should Be Equal">
<doc>Fails if the given objects are unequal.</doc>
<arguments>
<arg>ellipsoid</arg>
<arg>${type}</arg>
</arguments>
<status endtime="20160326 15:44:08.457" starttime="20160326 15:44:08.457" status="PASS"></status>
</kw>
<kw library="ParserKeywords" name="Get Digits">
<assign>
<var>${digits}</var>
</assign>
<msg level="INFO" timestamp="20160326 15:44:08.457">${digits} = 4</msg>
<status endtime="20160326 15:44:08.457" starttime="20160326 15:44:08.457" status="PASS"></status>
</kw>
<kw library="BuiltIn" name="Should Be Equal">
<doc>Fails if the given objects are unequal.</doc>
<arguments>
<arg>4</arg>
<arg>${digits}</arg>
</arguments>
<status endtime="20160326 15:44:08.472" starttime="20160326 15:44:08.457" status="PASS"></status>
</kw>
<status critical="yes" endtime="20160326 15:44:08.472" starttime="20160326 15:44:08.363" status="PASS"></status>
</test>
<test name="Test Named Argument Multiple" id="s1-t8">
<kw library="ParserKeywords" name="Start Volume Cacluator With Arguments">
<arguments>
<arg>7</arg>
<arg>3</arg>
<arg>2</arg>
<arg>--type</arg>
<arg>ellipsoid</arg>
<arg>--digits</arg>
<arg>1</arg>
</arguments>
<status endtime="20160326 15:44:08.488" starttime="20160326 15:44:08.488" status="PASS"></status>
</kw>
<kw library="ParserKeywords" name="Get Length">
<assign>
<var>${length}</var>
</assign>
<msg level="WARN" timestamp="20160326 15:44:07.957">Keyword 'Get Length' found both from a custom test library 'ParserKeywords' and a standard library 'BuiltIn'. The custom keyword is used. To select explicitly, and to get rid of this warning, use either 'ParserKeywords.Get Length' or 'BuiltIn.Get Length'.</msg>
<msg level="WARN" timestamp="20160326 15:44:08.269">Keyword 'Get Length' found both from a custom test library 'ParserKeywords' and a standard library 'BuiltIn'. The custom keyword is used. To select explicitly, and to get rid of this warning, use either 'ParserKeywords.Get Length' or 'BuiltIn.Get Length'.</msg>
<msg level="WARN" timestamp="20160326 15:44:08.379">Keyword 'Get Length' found both from a custom test library 'ParserKeywords' and a standard library 'BuiltIn'. The custom keyword is used. To select explicitly, and to get rid of this warning, use either 'ParserKeywords.Get Length' or 'BuiltIn.Get Length'.</msg>
<msg level="WARN" timestamp="20160326 15:44:08.488">Keyword 'Get Length' found both from a custom test library 'ParserKeywords' and a standard library 'BuiltIn'. The custom keyword is used. To select explicitly, and to get rid of this warning, use either 'ParserKeywords.Get Length' or 'BuiltIn.Get Length'.</msg>
<msg level="INFO" timestamp="20160326 15:44:08.503">${length} = 7</msg>
<status endtime="20160326 15:44:08.519" starttime="20160326 15:44:08.488" status="PASS"></status>
</kw>
<kw library="BuiltIn" name="Should Be Equal">
<doc>Fails if the given objects are unequal.</doc>
<arguments>
<arg>7</arg>
<arg>${length}</arg>
</arguments>
<status endtime="20160326 15:44:08.519" starttime="20160326 15:44:08.519" status="PASS"></status>
</kw>
<kw library="ParserKeywords" name="Get Width">
<assign>
<var>${width}</var>
</assign>
<msg level="INFO" timestamp="20160326 15:44:08.535">${width} = 3</msg>
<status endtime="20160326 15:44:08.535" starttime="20160326 15:44:08.519" status="PASS"></status>
</kw>
<kw library="BuiltIn" name="Should Be Equal">
<doc>Fails if the given objects are unequal.</doc>
<arguments>
<arg>3</arg>
<arg>${width}</arg>
</arguments>
<status endtime="20160326 15:44:08.550" starttime="20160326 15:44:08.535" status="PASS"></status>
</kw>
<kw library="ParserKeywords" name="Get Height">
<assign>
<var>${height}</var>
</assign>
<msg level="INFO" timestamp="20160326 15:44:08.550">${height} = 2</msg>
<status endtime="20160326 15:44:08.550" starttime="20160326 15:44:08.550" status="PASS"></status>
</kw>
<kw library="BuiltIn" name="Should Be Equal">
<doc>Fails if the given objects are unequal.</doc>
<arguments>
<arg>2</arg>
<arg>${height}</arg>
</arguments>
<status endtime="20160326 15:44:08.566" starttime="20160326 15:44:08.566" status="PASS"></status>
</kw>
<kw library="ParserKeywords" name="Get Type">
<assign>
<var>${type}</var>
</assign>
<msg level="INFO" timestamp="20160326 15:44:08.581">${type} = ellipsoid</msg>
<status endtime="20160326 15:44:08.581" starttime="20160326 15:44:08.566" status="PASS"></status>
</kw>
<kw library="BuiltIn" name="Should Be Equal">
<doc>Fails if the given objects are unequal.</doc>
<arguments>
<arg>ellipsoid</arg>
<arg>${type}</arg>
</arguments>
<status endtime="20160326 15:44:08.581" starttime="20160326 15:44:08.581" status="PASS"></status>
</kw>
<kw library="ParserKeywords" name="Get Digits">
<assign>
<var>${digits}</var>
</assign>
<msg level="INFO" timestamp="20160326 15:44:08.597">${digits} = 1</msg>
<status endtime="20160326 15:44:08.597" starttime="20160326 15:44:08.597" status="PASS"></status>
</kw>
<kw library="BuiltIn" name="Should Be Equal">
<doc>Fails if the given objects are unequal.</doc>
<arguments>
<arg>1</arg>
<arg>${digits}</arg>
</arguments>
<status endtime="20160326 15:44:08.613" starttime="20160326 15:44:08.597" status="PASS"></status>
</kw>
<status critical="yes" endtime="20160326 15:44:08.613" starttime="20160326 15:44:08.472" status="PASS"></status>
</test>
<test name="Test Named Argument Anywhere" id="s1-t9">
<kw library="ParserKeywords" name="Start Volume Cacluator With Arguments">
<arguments>
<arg>--type</arg>
<arg>ellipsoid</arg>
<arg>7</arg>
<arg>3</arg>
<arg>--digits</arg>
<arg>1</arg>
<arg>2</arg>
</arguments>
<status endtime="20160326 15:44:08.628" starttime="20160326 15:44:08.628" status="PASS"></status>
</kw>
<kw library="ParserKeywords" name="Get Length">
<assign>
<var>${length}</var>
</assign>
<msg level="WARN" timestamp="20160326 15:44:07.957">Keyword 'Get Length' found both from a custom test library 'ParserKeywords' and a standard library 'BuiltIn'. The custom keyword is used. To select explicitly, and to get rid of this warning, use either 'ParserKeywords.Get Length' or 'BuiltIn.Get Length'.</msg>
<msg level="WARN" timestamp="20160326 15:44:08.269">Keyword 'Get Length' found both from a custom test library 'ParserKeywords' and a standard library 'BuiltIn'. The custom keyword is used. To select explicitly, and to get rid of this warning, use either 'ParserKeywords.Get Length' or 'BuiltIn.Get Length'.</msg>
<msg level="WARN" timestamp="20160326 15:44:08.379">Keyword 'Get Length' found both from a custom test library 'ParserKeywords' and a standard library 'BuiltIn'. The custom keyword is used. To select explicitly, and to get rid of this warning, use either 'ParserKeywords.Get Length' or 'BuiltIn.Get Length'.</msg>
<msg level="WARN" timestamp="20160326 15:44:08.488">Keyword 'Get Length' found both from a custom test library 'ParserKeywords' and a standard library 'BuiltIn'. The custom keyword is used. To select explicitly, and to get rid of this warning, use either 'ParserKeywords.Get Length' or 'BuiltIn.Get Length'.</msg>
<msg level="WARN" timestamp="20160326 15:44:08.644">Keyword 'Get Length' found both from a custom test library 'ParserKeywords' and a standard library 'BuiltIn'. The custom keyword is used. To select explicitly, and to get rid of this warning, use either 'ParserKeywords.Get Length' or 'BuiltIn.Get Length'.</msg>
<msg level="INFO" timestamp="20160326 15:44:08.659">${length} = 7</msg>
<status endtime="20160326 15:44:08.659" starttime="20160326 15:44:08.644" status="PASS"></status>
</kw>
<kw library="BuiltIn" name="Should Be Equal">
<doc>Fails if the given objects are unequal.</doc>
<arguments>
<arg>7</arg>
<arg>${length}</arg>
</arguments>
<status endtime="20160326 15:44:08.659" starttime="20160326 15:44:08.659" status="PASS"></status>
</kw>
<kw library="ParserKeywords" name="Get Width">
<assign>
<var>${width}</var>
</assign>
<msg level="INFO" timestamp="20160326 15:44:08.675">${width} = 3</msg>
<status endtime="20160326 15:44:08.675" starttime="20160326 15:44:08.675" status="PASS"></status>
</kw>
<kw library="BuiltIn" name="Should Be Equal">
<doc>Fails if the given objects are unequal.</doc>
<arguments>
<arg>3</arg>
<arg>${width}</arg>
</arguments>
<status endtime="20160326 15:44:08.691" starttime="20160326 15:44:08.675" status="PASS"></status>
</kw>
<kw library="ParserKeywords" name="Get Height">
<assign>
<var>${height}</var>
</assign>
<msg level="INFO" timestamp="20160326 15:44:08.691">${height} = 2</msg>
<status endtime="20160326 15:44:08.691" starttime="20160326 15:44:08.691" status="PASS"></status>
</kw>
<kw library="BuiltIn" name="Should Be Equal">
<doc>Fails if the given objects are unequal.</doc>
<arguments>
<arg>2</arg>
<arg>${height}</arg>
</arguments>
<status endtime="20160326 15:44:08.706" starttime="20160326 15:44:08.706" status="PASS"></status>
</kw>
<kw library="ParserKeywords" name="Get Type">
<assign>
<var>${type}</var>
</assign>
<msg level="INFO" timestamp="20160326 15:44:08.722">${type} = ellipsoid</msg>
<status endtime="20160326 15:44:08.722" starttime="20160326 15:44:08.722" status="PASS"></status>
</kw>
<kw library="BuiltIn" name="Should Be Equal">
<doc>Fails if the given objects are unequal.</doc>
<arguments>
<arg>ellipsoid</arg>
<arg>${type}</arg>
</arguments>
<status endtime="20160326 15:44:08.737" starttime="20160326 15:44:08.722" status="PASS"></status>
</kw>
<kw library="ParserKeywords" name="Get Digits">
<assign>
<var>${digits}</var>
</assign>
<msg level="INFO" timestamp="20160326 15:44:08.737">${digits} = 1</msg>
<status endtime="20160326 15:44:08.737" starttime="20160326 15:44:08.737" status="PASS"></status>
</kw>
<kw library="BuiltIn" name="Should Be Equal">
<doc>Fails if the given objects are unequal.</doc>
<arguments>
<arg>1</arg>
<arg>${digits}</arg>
</arguments>
<status endtime="20160326 15:44:08.753" starttime="20160326 15:44:08.753" status="PASS"></status>
</kw>
<status critical="yes" endtime="20160326 15:44:08.753" starttime="20160326 15:44:08.613" status="PASS"></status>
</test>
<test name="Test Help Flag" id="s1-t10">
<kw library="ParserKeywords" name="Start Program With Arguments">
<arguments>
<arg>7</arg>
<arg>--help</arg>
<arg>3</arg>
<arg>2</arg>
</arguments>
<status endtime="20160326 15:44:08.769" starttime="20160326 15:44:08.769" status="PASS"></status>
</kw>
<kw library="ParserKeywords" name="Get Program Output">
<assign>
<var>${output}</var>
</assign>
<msg level="INFO" timestamp="20160326 15:44:08.784">${output} = usage: java VolumeCalculator length width height
Calcuate the volume of a box.
positional arguments:
length the length of the box (float)
width the width of the box(float)
height the height of the box...</msg>
<status endtime="20160326 15:44:08.784" starttime="20160326 15:44:08.784" status="PASS"></status>
</kw>
<kw library="BuiltIn" name="Should Be Equal">
<doc>Fails if the given objects are unequal.</doc>
<arguments>
<arg>${expected1}</arg>
<arg>${output}</arg>
</arguments>
<status endtime="20160326 15:44:08.784" starttime="20160326 15:44:08.784" status="PASS"></status>
</kw>
<status critical="yes" endtime="20160326 15:44:08.784" starttime="20160326 15:44:08.769" status="PASS"></status>
</test>
<test name="Test Short Form Arguments" id="s1-t11">
<kw library="ParserKeywords" name="Start Volume Cacluator With Arguments">
<arguments>
<arg>-t</arg>
<arg>ellipsoid</arg>
<arg>7</arg>
<arg>3</arg>
<arg>-d</arg>
<arg>1</arg>
<arg>2</arg>
</arguments>
<status endtime="20160326 15:44:08.847" starttime="20160326 15:44:08.800" status="PASS"></status>
</kw>
<kw library="ParserKeywords" name="Get Length">
<assign>
<var>${length}</var>
</assign>
<msg level="WARN" timestamp="20160326 15:44:07.957">Keyword 'Get Length' found both from a custom test library 'ParserKeywords' and a standard library 'BuiltIn'. The custom keyword is used. To select explicitly, and to get rid of this warning, use either 'ParserKeywords.Get Length' or 'BuiltIn.Get Length'.</msg>
<msg level="WARN" timestamp="20160326 15:44:08.269">Keyword 'Get Length' found both from a custom test library 'ParserKeywords' and a standard library 'BuiltIn'. The custom keyword is used. To select explicitly, and to get rid of this warning, use either 'ParserKeywords.Get Length' or 'BuiltIn.Get Length'.</msg>
<msg level="WARN" timestamp="20160326 15:44:08.379">Keyword 'Get Length' found both from a custom test library 'ParserKeywords' and a standard library 'BuiltIn'. The custom keyword is used. To select explicitly, and to get rid of this warning, use either 'ParserKeywords.Get Length' or 'BuiltIn.Get Length'.</msg>
<msg level="WARN" timestamp="20160326 15:44:08.488">Keyword 'Get Length' found both from a custom test library 'ParserKeywords' and a standard library 'BuiltIn'. The custom keyword is used. To select explicitly, and to get rid of this warning, use either 'ParserKeywords.Get Length' or 'BuiltIn.Get Length'.</msg>
<msg level="WARN" timestamp="20160326 15:44:08.644">Keyword 'Get Length' found both from a custom test library 'ParserKeywords' and a standard library 'BuiltIn'. The custom keyword is used. To select explicitly, and to get rid of this warning, use either 'ParserKeywords.Get Length' or 'BuiltIn.Get Length'.</msg>
<msg level="WARN" timestamp="20160326 15:44:08.909">Keyword 'Get Length' found both from a custom test library 'ParserKeywords' and a standard library 'BuiltIn'. The custom keyword is used. To select explicitly, and to get rid of this warning, use either 'ParserKeywords.Get Length' or 'BuiltIn.Get Length'.</msg>
<msg level="INFO" timestamp="20160326 15:44:08.940">${length} = 7</msg>
<status endtime="20160326 15:44:08.956" starttime="20160326 15:44:08.909" status="PASS"></status>
</kw>
<kw library="BuiltIn" name="Should Be Equal">
<doc>Fails if the given objects are unequal.</doc>
<arguments>
<arg>7</arg>
<arg>${length}</arg>
</arguments>
<status endtime="20160326 15:44:08.956" starttime="20160326 15:44:08.956" status="PASS"></status>
</kw>
<kw library="ParserKeywords" name="Get Width">
<assign>
<var>${width}</var>
</assign>
<msg level="INFO" timestamp="20160326 15:44:08.971">${width} = 3</msg>
<status endtime="20160326 15:44:08.971" starttime="20160326 15:44:08.971" status="PASS"></status>
</kw>
<kw library="BuiltIn" name="Should Be Equal">
<doc>Fails if the given objects are unequal.</doc>
<arguments>
<arg>3</arg>
<arg>${width}</arg>
</arguments>
<status endtime="20160326 15:44:08.987" starttime="20160326 15:44:08.971" status="PASS"></status>
</kw>
<kw library="ParserKeywords" name="Get Height">
<assign>
<var>${height}</var>
</assign>
<msg level="INFO" timestamp="20160326 15:44:08.987">${height} = 2</msg>
<status endtime="20160326 15:44:08.987" starttime="20160326 15:44:08.987" status="PASS"></status>
</kw>
<kw library="BuiltIn" name="Should Be Equal">
<doc>Fails if the given objects are unequal.</doc>
<arguments>
<arg>2</arg>
<arg>${height}</arg>
</arguments>
<status endtime="20160326 15:44:09.003" starttime="20160326 15:44:09.003" status="PASS"></status>
</kw>
<kw library="ParserKeywords" name="Get Type">
<assign>
<var>${type}</var>
</assign>
<msg level="INFO" timestamp="20160326 15:44:09.018">${type} = ellipsoid</msg>
<status endtime="20160326 15:44:09.018" starttime="20160326 15:44:09.003" status="PASS"></status>
</kw>
<kw library="BuiltIn" name="Should Be Equal">
<doc>Fails if the given objects are unequal.</doc>
<arguments>
<arg>ellipsoid</arg>
<arg>${type}</arg>
</arguments>
<status endtime="20160326 15:44:09.034" starttime="20160326 15:44:09.018" status="PASS"></status>
</kw>
<kw library="ParserKeywords" name="Get Digits">
<assign>
<var>${digits}</var>
</assign>
<msg level="INFO" timestamp="20160326 15:44:09.034">${digits} = 1</msg>
<status endtime="20160326 15:44:09.034" starttime="20160326 15:44:09.034" status="PASS"></status>
</kw>
<kw library="BuiltIn" name="Should Be Equal">
<doc>Fails if the given objects are unequal.</doc>
<arguments>
<arg>1</arg>
<arg>${digits}</arg>
</arguments>
<status endtime="20160326 15:44:09.049" starttime="20160326 15:44:09.049" status="PASS"></status>
</kw>
<status critical="yes" endtime="20160326 15:44:09.049" starttime="20160326 15:44:08.800" status="PASS"></status>
</test>
<status endtime="20160326 15:44:09.065" starttime="20160326 15:44:07.084" status="PASS"></status>
</suite>
<statistics>
<total>
<stat pass="11" fail="0">Critical Tests</stat>
<stat pass="11" fail="0">All Tests</stat>
</total>
<tag>
</tag>
<suite>
<stat pass="11" fail="0" name="ParserFeatureAcceptanceTest" id="s1">ParserFeatureAcceptanceTest</stat>
</suite>
</statistics>
<errors>
<msg level="WARN" timestamp="20160326 15:44:07.957">Keyword 'Get Length' found both from a custom test library 'ParserKeywords' and a standard library 'BuiltIn'. The custom keyword is used. To select explicitly, and to get rid of this warning, use either 'ParserKeywords.Get Length' or 'BuiltIn.Get Length'.</msg>
<msg level="WARN" timestamp="20160326 15:44:07.957">Keyword 'Get Length' found both from a custom test library 'ParserKeywords' and a standard library 'BuiltIn'. The custom keyword is used. To select explicitly, and to get rid of this warning, use either 'ParserKeywords.Get Length' or 'BuiltIn.Get Length'.</msg>
<msg level="WARN" timestamp="20160326 15:44:08.269">Keyword 'Get Length' found both from a custom test library 'ParserKeywords' and a standard library 'BuiltIn'. The custom keyword is used. To select explicitly, and to get rid of this warning, use either 'ParserKeywords.Get Length' or 'BuiltIn.Get Length'.</msg>
<msg level="WARN" timestamp="20160326 15:44:07.957">Keyword 'Get Length' found both from a custom test library 'ParserKeywords' and a standard library 'BuiltIn'. The custom keyword is used. To select explicitly, and to get rid of this warning, use either 'ParserKeywords.Get Length' or 'BuiltIn.Get Length'.</msg>
<msg level="WARN" timestamp="20160326 15:44:08.269">Keyword 'Get Length' found both from a custom test library 'ParserKeywords' and a standard library 'BuiltIn'. The custom keyword is used. To select explicitly, and to get rid of this warning, use either 'ParserKeywords.Get Length' or 'BuiltIn.Get Length'.</msg>
<msg level="WARN" timestamp="20160326 15:44:08.379">Keyword 'Get Length' found both from a custom test library 'ParserKeywords' and a standard library 'BuiltIn'. The custom keyword is used. To select explicitly, and to get rid of this warning, use either 'ParserKeywords.Get Length' or 'BuiltIn.Get Length'.</msg>
<msg level="WARN" timestamp="20160326 15:44:07.957">Keyword 'Get Length' found both from a custom test library 'ParserKeywords' and a standard library 'BuiltIn'. The custom keyword is used. To select explicitly, and to get rid of this warning, use either 'ParserKeywords.Get Length' or 'BuiltIn.Get Length'.</msg>
<msg level="WARN" timestamp="20160326 15:44:08.269">Keyword 'Get Length' found both from a custom test library 'ParserKeywords' and a standard library 'BuiltIn'. The custom keyword is used. To select explicitly, and to get rid of this warning, use either 'ParserKeywords.Get Length' or 'BuiltIn.Get Length'.</msg>
<msg level="WARN" timestamp="20160326 15:44:08.379">Keyword 'Get Length' found both from a custom test library 'ParserKeywords' and a standard library 'BuiltIn'. The custom keyword is used. To select explicitly, and to get rid of this warning, use either 'ParserKeywords.Get Length' or 'BuiltIn.Get Length'.</msg>
<msg level="WARN" timestamp="20160326 15:44:08.488">Keyword 'Get Length' found both from a custom test library 'ParserKeywords' and a standard library 'BuiltIn'. The custom keyword is used. To select explicitly, and to get rid of this warning, use either 'ParserKeywords.Get Length' or 'BuiltIn.Get Length'.</msg>
<msg level="WARN" timestamp="20160326 15:44:07.957">Keyword 'Get Length' found both from a custom test library 'ParserKeywords' and a standard library 'BuiltIn'. The custom keyword is used. To select explicitly, and to get rid of this warning, use either 'ParserKeywords.Get Length' or 'BuiltIn.Get Length'.</msg>
<msg level="WARN" timestamp="20160326 15:44:08.269">Keyword 'Get Length' found both from a custom test library 'ParserKeywords' and a standard library 'BuiltIn'. The custom keyword is used. To select explicitly, and to get rid of this warning, use either 'ParserKeywords.Get Length' or 'BuiltIn.Get Length'.</msg>
<msg level="WARN" timestamp="20160326 15:44:08.379">Keyword 'Get Length' found both from a custom test library 'ParserKeywords' and a standard library 'BuiltIn'. The custom keyword is used. To select explicitly, and to get rid of this warning, use either 'ParserKeywords.Get Length' or 'BuiltIn.Get Length'.</msg>
<msg level="WARN" timestamp="20160326 15:44:08.488">Keyword 'Get Length' found both from a custom test library 'ParserKeywords' and a standard library 'BuiltIn'. The custom keyword is used. To select explicitly, and to get rid of this warning, use either 'ParserKeywords.Get Length' or 'BuiltIn.Get Length'.</msg>
<msg level="WARN" timestamp="20160326 15:44:08.644">Keyword 'Get Length' found both from a custom test library 'ParserKeywords' and a standard library 'BuiltIn'. The custom keyword is used. To select explicitly, and to get rid of this warning, use either 'ParserKeywords.Get Length' or 'BuiltIn.Get Length'.</msg>
<msg level="WARN" timestamp="20160326 15:44:07.957">Keyword 'Get Length' found both from a custom test library 'ParserKeywords' and a standard library 'BuiltIn'. The custom keyword is used. To select explicitly, and to get rid of this warning, use either 'ParserKeywords.Get Length' or 'BuiltIn.Get Length'.</msg>
<msg level="WARN" timestamp="20160326 15:44:08.269">Keyword 'Get Length' found both from a custom test library 'ParserKeywords' and a standard library 'BuiltIn'. The custom keyword is used. To select explicitly, and to get rid of this warning, use either 'ParserKeywords.Get Length' or 'BuiltIn.Get Length'.</msg>
<msg level="WARN" timestamp="20160326 15:44:08.379">Keyword 'Get Length' found both from a custom test library 'ParserKeywords' and a standard library 'BuiltIn'. The custom keyword is used. To select explicitly, and to get rid of this warning, use either 'ParserKeywords.Get Length' or 'BuiltIn.Get Length'.</msg>
<msg level="WARN" timestamp="20160326 15:44:08.488">Keyword 'Get Length' found both from a custom test library 'ParserKeywords' and a standard library 'BuiltIn'. The custom keyword is used. To select explicitly, and to get rid of this warning, use either 'ParserKeywords.Get Length' or 'BuiltIn.Get Length'.</msg>
<msg level="WARN" timestamp="20160326 15:44:08.644">Keyword 'Get Length' found both from a custom test library 'ParserKeywords' and a standard library 'BuiltIn'. The custom keyword is used. To select explicitly, and to get rid of this warning, use either 'ParserKeywords.Get Length' or 'BuiltIn.Get Length'.</msg>
<msg level="WARN" timestamp="20160326 15:44:08.909">Keyword 'Get Length' found both from a custom test library 'ParserKeywords' and a standard library 'BuiltIn'. The custom keyword is used. To select explicitly, and to get rid of this warning, use either 'ParserKeywords.Get Length' or 'BuiltIn.Get Length'.</msg>
</errors>
</robot>
