<?xml version="1.0" encoding="UTF-8"?>
<robot generator="Robot 2.9 (Jython 2.7.0 on java1.8.0_71)" generated="20160331 18:55:26.098">
<suite source="C:\Users\Owner\Desktop\CS310\termProject\acceptance\ParserFeatureAcceptanceTest.txt" name="ParserFeatureAcceptanceTest" id="s1">
<test name="Test Volume Calculator Normal Function" id="s1-t1">
<kw library="ParserKeywords" name="Start Volume Cacluator With Arguments">
<arguments>
<arg>7</arg>
<arg>5</arg>
<arg>2</arg>
</arguments>
<status endtime="20160331 18:55:28.504" starttime="20160331 18:55:28.460" status="PASS"></status>
</kw>
<kw library="ParserKeywords" name="Get Length">
<assign>
<var>${length}</var>
</assign>
<msg level="WARN" timestamp="20160331 18:55:28.513">Keyword 'Get Length' found both from a custom test library 'ParserKeywords' and a standard library 'BuiltIn'. The custom keyword is used. To select explicitly, and to get rid of this warning, use either 'ParserKeywords.Get Length' or 'BuiltIn.Get Length'.</msg>
<msg level="INFO" timestamp="20160331 18:55:28.629">${length} = 7</msg>
<status endtime="20160331 18:55:28.641" starttime="20160331 18:55:28.515" status="PASS"></status>
</kw>
<kw library="BuiltIn" name="Should Be Equal">
<doc>Fails if the given objects are unequal.</doc>
<arguments>
<arg>7</arg>
<arg>${length}</arg>
</arguments>
<status endtime="20160331 18:55:28.696" starttime="20160331 18:55:28.653" status="PASS"></status>
</kw>
<kw library="ParserKeywords" name="Get Width">
<assign>
<var>${width}</var>
</assign>
<msg level="INFO" timestamp="20160331 18:55:28.716">${width} = 5</msg>
<status endtime="20160331 18:55:28.719" starttime="20160331 18:55:28.706" status="PASS"></status>
</kw>
<kw library="BuiltIn" name="Should Be Equal">
<doc>Fails if the given objects are unequal.</doc>
<arguments>
<arg>5</arg>
<arg>${width}</arg>
</arguments>
<status endtime="20160331 18:55:28.758" starttime="20160331 18:55:28.732" status="PASS"></status>
</kw>
<kw library="ParserKeywords" name="Get Height">
<assign>
<var>${height}</var>
</assign>
<msg level="INFO" timestamp="20160331 18:55:28.813">${height} = 2</msg>
<status endtime="20160331 18:55:28.828" starttime="20160331 18:55:28.775" status="PASS"></status>
</kw>
<kw library="BuiltIn" name="Should Be Equal">
<doc>Fails if the given objects are unequal.</doc>
<arguments>
<arg>2</arg>
<arg>${height}</arg>
</arguments>
<status endtime="20160331 18:55:28.875" starttime="20160331 18:55:28.847" status="PASS"></status>
</kw>
<kw library="ParserKeywords" name="Get Program Output">
<assign>
<var>${output}</var>
</assign>
<msg level="INFO" timestamp="20160331 18:55:28.981">${output} = 70.0</msg>
<status endtime="20160331 18:55:28.994" starttime="20160331 18:55:28.890" status="PASS"></status>
</kw>
<kw library="BuiltIn" name="Should Be Equal">
<doc>Fails if the given objects are unequal.</doc>
<arguments>
<arg>${output}</arg>
<arg>70.0</arg>
</arguments>
<status endtime="20160331 18:55:29.040" starttime="20160331 18:55:29.003" status="PASS"></status>
</kw>
<status critical="yes" endtime="20160331 18:55:29.051" starttime="20160331 18:55:28.410" status="PASS"></status>
</test>
<test name="Test Unrecognized Argument" id="s1-t2">
<kw library="ParserKeywords" name="Start Volume Cacluator With Arguments">
<arguments>
<arg>7</arg>
<arg>5</arg>
<arg>2</arg>
<arg>43</arg>
</arguments>
<status endtime="20160331 18:55:29.147" starttime="20160331 18:55:29.116" status="PASS"></status>
</kw>
<kw library="ParserKeywords" name="Get Program Output">
<assign>
<var>${output}</var>
</assign>
<msg level="INFO" timestamp="20160331 18:55:29.236">${output} = usage: java VolumeCalculator length width height
VolumeCalcultor.java: error: unrecognized arguments: 43</msg>
<status endtime="20160331 18:55:29.241" starttime="20160331 18:55:29.155" status="PASS"></status>
</kw>
<kw library="BuiltIn" name="Should Be Equal">
<doc>Fails if the given objects are unequal.</doc>
<arguments>
<arg>${output}</arg>
<arg>${expected}</arg>
</arguments>
<status endtime="20160331 18:55:29.270" starttime="20160331 18:55:29.249" status="PASS"></status>
</kw>
<status critical="yes" endtime="20160331 18:55:29.292" starttime="20160331 18:55:29.064" status="PASS"></status>
</test>
<test name="Test Absurd Program Normal Function" id="s1-t3">
<kw library="ParserKeywords" name="Start Absurd Program With Arguments">
<arguments>
<arg>dog</arg>
<arg>2</arg>
<arg>true</arg>
<arg>3.5</arg>
</arguments>
<status endtime="20160331 18:55:29.395" starttime="20160331 18:55:29.349" status="PASS"></status>
</kw>
<kw library="ParserKeywords" name="Get Pet">
<assign>
<var>${pet}</var>
</assign>
<msg level="INFO" timestamp="20160331 18:55:29.430">${pet} = dog</msg>
<status endtime="20160331 18:55:29.447" starttime="20160331 18:55:29.405" status="PASS"></status>
</kw>
<kw library="BuiltIn" name="Should Be Equal">
<doc>Fails if the given objects are unequal.</doc>
<arguments>
<arg>dog</arg>
<arg>${pet}</arg>
</arguments>
<status endtime="20160331 18:55:29.491" starttime="20160331 18:55:29.459" status="PASS"></status>
</kw>
<kw library="ParserKeywords" name="Get Number">
<assign>
<var>${number}</var>
</assign>
<msg level="INFO" timestamp="20160331 18:55:29.557">${number} = 2</msg>
<status endtime="20160331 18:55:29.566" starttime="20160331 18:55:29.499" status="PASS"></status>
</kw>
<kw library="BuiltIn" name="Should Be Equal">
<doc>Fails if the given objects are unequal.</doc>
<arguments>
<arg>2</arg>
<arg>${number}</arg>
</arguments>
<status endtime="20160331 18:55:29.601" starttime="20160331 18:55:29.574" status="PASS"></status>
</kw>
<kw library="ParserKeywords" name="Get Rainy">
<assign>
<var>${rainy}</var>
</assign>
<msg level="INFO" timestamp="20160331 18:55:29.668">${rainy} = true</msg>
<status endtime="20160331 18:55:29.670" starttime="20160331 18:55:29.622" status="PASS"></status>
</kw>
<kw library="BuiltIn" name="Should Be Equal">
<doc>Fails if the given objects are unequal.</doc>
<arguments>
<arg>true</arg>
<arg>${rainy}</arg>
</arguments>
<status endtime="20160331 18:55:29.691" starttime="20160331 18:55:29.676" status="PASS"></status>
</kw>
<kw library="ParserKeywords" name="Get Bathrooms">
<assign>
<var>${bathrooms}</var>
</assign>
<msg level="INFO" timestamp="20160331 18:55:29.773">${bathrooms} = 3.5</msg>
<status endtime="20160331 18:55:29.775" starttime="20160331 18:55:29.696" status="PASS"></status>
</kw>
<kw library="BuiltIn" name="Should Be Equal">
<doc>Fails if the given objects are unequal.</doc>
<arguments>
<arg>3.5</arg>
<arg>${bathrooms}</arg>
</arguments>
<status endtime="20160331 18:55:29.818" starttime="20160331 18:55:29.790" status="PASS"></status>
</kw>
<status critical="yes" endtime="20160331 18:55:29.825" starttime="20160331 18:55:29.310" status="PASS"></status>
</test>
<test name="Test Usage Message" id="s1-t4">
<kw library="ParserKeywords" name="Start Program With Arguments">
<arguments>
<arg>-h</arg>
</arguments>
<status endtime="20160331 18:55:29.915" starttime="20160331 18:55:29.902" status="PASS"></status>
</kw>
<kw library="ParserKeywords" name="Get Program Output">
<assign>
<var>${output}</var>
</assign>
<msg level="INFO" timestamp="20160331 18:55:29.969">${output} = usage: java VolumeCalculator length width height
Calcuate the volume of a box.
positional arguments:
length the length of the box (float)
width the width of the box(float)
height the height of the box...</msg>
<status endtime="20160331 18:55:29.976" starttime="20160331 18:55:29.925" status="PASS"></status>
</kw>
<kw library="BuiltIn" name="Should Be Equal">
<doc>Fails if the given objects are unequal.</doc>
<arguments>
<arg>${expected1}</arg>
<arg>${output}</arg>
</arguments>
<status endtime="20160331 18:55:30.028" starttime="20160331 18:55:29.987" status="PASS"></status>
</kw>
<status critical="yes" endtime="20160331 18:55:30.045" starttime="20160331 18:55:29.880" status="PASS"></status>
</test>
<test name="Test Incorrect Datatype Message" id="s1-t5">
<kw library="ParserKeywords" name="Start Program With Arguments">
<arguments>
<arg>7</arg>
<arg>something</arg>
<arg>2</arg>
</arguments>
<status endtime="20160331 18:55:30.112" starttime="20160331 18:55:30.095" status="PASS"></status>
</kw>
<kw library="ParserKeywords" name="Get Program Output">
<assign>
<var>${output}</var>
</assign>
<msg level="INFO" timestamp="20160331 18:55:30.164">${output} = usage: java VolumeCalculator length width height
VolumeCalcultor.java: error: argument width: invalid float value: something</msg>
<status endtime="20160331 18:55:30.167" starttime="20160331 18:55:30.133" status="PASS"></status>
</kw>
<kw library="BuiltIn" name="Should Be Equal">
<doc>Fails if the given objects are unequal.</doc>
<arguments>
<arg>${output}</arg>
<arg>${expected2}</arg>
</arguments>
<status endtime="20160331 18:55:30.220" starttime="20160331 18:55:30.172" status="PASS"></status>
</kw>
<status critical="yes" endtime="20160331 18:55:30.227" starttime="20160331 18:55:30.077" status="PASS"></status>
</test>
<test name="Test Named Argument Defaults" id="s1-t6">
<kw library="ParserKeywords" name="Start Volume Cacluator With Arguments">
<arguments>
<arg>7</arg>
<arg>3</arg>
<arg>2</arg>
</arguments>
<status endtime="20160331 18:55:30.322" starttime="20160331 18:55:30.305" status="PASS"></status>
</kw>
<kw library="ParserKeywords" name="Get Length">
<assign>
<var>${length}</var>
</assign>
<msg level="WARN" timestamp="20160331 18:55:28.513">Keyword 'Get Length' found both from a custom test library 'ParserKeywords' and a standard library 'BuiltIn'. The custom keyword is used. To select explicitly, and to get rid of this warning, use either 'ParserKeywords.Get Length' or 'BuiltIn.Get Length'.</msg>
<msg level="WARN" timestamp="20160331 18:55:30.340">Keyword 'Get Length' found both from a custom test library 'ParserKeywords' and a standard library 'BuiltIn'. The custom keyword is used. To select explicitly, and to get rid of this warning, use either 'ParserKeywords.Get Length' or 'BuiltIn.Get Length'.</msg>
<msg level="INFO" timestamp="20160331 18:55:30.391">${length} = 7</msg>
<status endtime="20160331 18:55:30.393" starttime="20160331 18:55:30.341" status="PASS"></status>
</kw>
<kw library="BuiltIn" name="Should Be Equal">
<doc>Fails if the given objects are unequal.</doc>
<arguments>
<arg>7</arg>
<arg>${length}</arg>
</arguments>
<status endtime="20160331 18:55:30.419" starttime="20160331 18:55:30.403" status="PASS"></status>
</kw>
<kw library="ParserKeywords" name="Get Width">
<assign>
<var>${width}</var>
</assign>
<msg level="INFO" timestamp="20160331 18:55:30.438">${width} = 3</msg>
<status endtime="20160331 18:55:30.470" starttime="20160331 18:55:30.425" status="PASS"></status>
</kw>
<kw library="BuiltIn" name="Should Be Equal">
<doc>Fails if the given objects are unequal.</doc>
<arguments>
<arg>3</arg>
<arg>${width}</arg>
</arguments>
<status endtime="20160331 18:55:30.532" starttime="20160331 18:55:30.487" status="PASS"></status>
</kw>
<kw library="ParserKeywords" name="Get Height">
<assign>
<var>${height}</var>
</assign>
<msg level="INFO" timestamp="20160331 18:55:30.552">${height} = 2</msg>
<status endtime="20160331 18:55:30.553" starttime="20160331 18:55:30.542" status="PASS"></status>
</kw>
<kw library="BuiltIn" name="Should Be Equal">
<doc>Fails if the given objects are unequal.</doc>
<arguments>
<arg>2</arg>
<arg>${height}</arg>
</arguments>
<status endtime="20160331 18:55:30.589" starttime="20160331 18:55:30.569" status="PASS"></status>
</kw>
<kw library="ParserKeywords" name="Get Type">
<assign>
<var>${type}</var>
</assign>
<msg level="INFO" timestamp="20160331 18:55:30.602">${type} = box</msg>
<status endtime="20160331 18:55:30.604" starttime="20160331 18:55:30.594" status="PASS"></status>
</kw>
<kw library="BuiltIn" name="Should Be Equal">
<doc>Fails if the given objects are unequal.</doc>
<arguments>
<arg>box</arg>
<arg>${type}</arg>
</arguments>
<status endtime="20160331 18:55:30.642" starttime="20160331 18:55:30.623" status="PASS"></status>
</kw>
<kw library="ParserKeywords" name="Get Digits">
<assign>
<var>${digits}</var>
</assign>
<msg level="INFO" timestamp="20160331 18:55:30.683">${digits} = 4</msg>
<status endtime="20160331 18:55:30.685" starttime="20160331 18:55:30.675" status="PASS"></status>
</kw>
<kw library="BuiltIn" name="Should Be Equal">
<doc>Fails if the given objects are unequal.</doc>
<arguments>
<arg>4</arg>
<arg>${digits}</arg>
</arguments>
<status endtime="20160331 18:55:30.711" starttime="20160331 18:55:30.694" status="PASS"></status>
</kw>
<status critical="yes" endtime="20160331 18:55:30.723" starttime="20160331 18:55:30.277" status="PASS"></status>
</test>
<test name="Test Named Argument Single" id="s1-t7">
<kw library="ParserKeywords" name="Start Volume Cacluator With Arguments">
<arguments>
<arg>7</arg>
<arg>3</arg>
<arg>2</arg>
<arg>--type</arg>
<arg>ellipsoid</arg>
</arguments>
<status endtime="20160331 18:55:30.803" starttime="20160331 18:55:30.783" status="PASS"></status>
</kw>
<kw library="ParserKeywords" name="Get Length">
<assign>
<var>${length}</var>
</assign>
<msg level="WARN" timestamp="20160331 18:55:28.513">Keyword 'Get Length' found both from a custom test library 'ParserKeywords' and a standard library 'BuiltIn'. The custom keyword is used. To select explicitly, and to get rid of this warning, use either 'ParserKeywords.Get Length' or 'BuiltIn.Get Length'.</msg>
<msg level="WARN" timestamp="20160331 18:55:30.340">Keyword 'Get Length' found both from a custom test library 'ParserKeywords' and a standard library 'BuiltIn'. The custom keyword is used. To select explicitly, and to get rid of this warning, use either 'ParserKeywords.Get Length' or 'BuiltIn.Get Length'.</msg>
<msg level="WARN" timestamp="20160331 18:55:30.809">Keyword 'Get Length' found both from a custom test library 'ParserKeywords' and a standard library 'BuiltIn'. The custom keyword is used. To select explicitly, and to get rid of this warning, use either 'ParserKeywords.Get Length' or 'BuiltIn.Get Length'.</msg>
<msg level="INFO" timestamp="20160331 18:55:30.862">${length} = 7</msg>
<status endtime="20160331 18:55:30.864" starttime="20160331 18:55:30.810" status="PASS"></status>
</kw>
<kw library="BuiltIn" name="Should Be Equal">
<doc>Fails if the given objects are unequal.</doc>
<arguments>
<arg>7</arg>
<arg>${length}</arg>
</arguments>
<status endtime="20160331 18:55:30.885" starttime="20160331 18:55:30.871" status="PASS"></status>
</kw>
<kw library="ParserKeywords" name="Get Width">
<assign>
<var>${width}</var>
</assign>
<msg level="INFO" timestamp="20160331 18:55:30.903">${width} = 3</msg>
<status endtime="20160331 18:55:30.905" starttime="20160331 18:55:30.895" status="PASS"></status>
</kw>
<kw library="BuiltIn" name="Should Be Equal">
<doc>Fails if the given objects are unequal.</doc>
<arguments>
<arg>3</arg>
<arg>${width}</arg>
</arguments>
<status endtime="20160331 18:55:30.973" starttime="20160331 18:55:30.912" status="PASS"></status>
</kw>
<kw library="ParserKeywords" name="Get Height">
<assign>
<var>${height}</var>
</assign>
<msg level="INFO" timestamp="20160331 18:55:30.990">${height} = 2</msg>
<status endtime="20160331 18:55:30.992" starttime="20160331 18:55:30.980" status="PASS"></status>
</kw>
<kw library="BuiltIn" name="Should Be Equal">
<doc>Fails if the given objects are unequal.</doc>
<arguments>
<arg>2</arg>
<arg>${height}</arg>
</arguments>
<status endtime="20160331 18:55:31.016" starttime="20160331 18:55:31.002" status="PASS"></status>
</kw>
<kw library="ParserKeywords" name="Get Type">
<assign>
<var>${type}</var>
</assign>
<msg level="INFO" timestamp="20160331 18:55:31.041">${type} = ellipsoid</msg>
<status endtime="20160331 18:55:31.043" starttime="20160331 18:55:31.026" status="PASS"></status>
</kw>
<kw library="BuiltIn" name="Should Be Equal">
<doc>Fails if the given objects are unequal.</doc>
<arguments>
<arg>ellipsoid</arg>
<arg>${type}</arg>
</arguments>
<status endtime="20160331 18:55:31.069" starttime="20160331 18:55:31.056" status="PASS"></status>
</kw>
<kw library="ParserKeywords" name="Get Digits">
<assign>
<var>${digits}</var>
</assign>
<msg level="INFO" timestamp="20160331 18:55:31.109">${digits} = 4</msg>
<status endtime="20160331 18:55:31.111" starttime="20160331 18:55:31.085" status="PASS"></status>
</kw>
<kw library="BuiltIn" name="Should Be Equal">
<doc>Fails if the given objects are unequal.</doc>
<arguments>
<arg>4</arg>
<arg>${digits}</arg>
</arguments>
<status endtime="20160331 18:55:31.182" starttime="20160331 18:55:31.151" status="PASS"></status>
</kw>
<status critical="yes" endtime="20160331 18:55:31.204" starttime="20160331 18:55:30.763" status="PASS"></status>
</test>
<test name="Test Named Argument Multiple" id="s1-t8">
<kw library="ParserKeywords" name="Start Volume Cacluator With Arguments">
<arguments>
<arg>7</arg>
<arg>3</arg>
<arg>2</arg>
<arg>--type</arg>
<arg>ellipsoid</arg>
<arg>--digits</arg>
<arg>1</arg>
</arguments>
<status endtime="20160331 18:55:31.285" starttime="20160331 18:55:31.272" status="PASS"></status>
</kw>
<kw library="ParserKeywords" name="Get Length">
<assign>
<var>${length}</var>
</assign>
<msg level="WARN" timestamp="20160331 18:55:28.513">Keyword 'Get Length' found both from a custom test library 'ParserKeywords' and a standard library 'BuiltIn'. The custom keyword is used. To select explicitly, and to get rid of this warning, use either 'ParserKeywords.Get Length' or 'BuiltIn.Get Length'.</msg>
<msg level="WARN" timestamp="20160331 18:55:30.340">Keyword 'Get Length' found both from a custom test library 'ParserKeywords' and a standard library 'BuiltIn'. The custom keyword is used. To select explicitly, and to get rid of this warning, use either 'ParserKeywords.Get Length' or 'BuiltIn.Get Length'.</msg>
<msg level="WARN" timestamp="20160331 18:55:30.809">Keyword 'Get Length' found both from a custom test library 'ParserKeywords' and a standard library 'BuiltIn'. The custom keyword is used. To select explicitly, and to get rid of this warning, use either 'ParserKeywords.Get Length' or 'BuiltIn.Get Length'.</msg>
<msg level="WARN" timestamp="20160331 18:55:31.289">Keyword 'Get Length' found both from a custom test library 'ParserKeywords' and a standard library 'BuiltIn'. The custom keyword is used. To select explicitly, and to get rid of this warning, use either 'ParserKeywords.Get Length' or 'BuiltIn.Get Length'.</msg>
<msg level="INFO" timestamp="20160331 18:55:31.328">${length} = 7</msg>
<status endtime="20160331 18:55:31.332" starttime="20160331 18:55:31.291" status="PASS"></status>
</kw>
<kw library="BuiltIn" name="Should Be Equal">
<doc>Fails if the given objects are unequal.</doc>
<arguments>
<arg>7</arg>
<arg>${length}</arg>
</arguments>
<status endtime="20160331 18:55:31.380" starttime="20160331 18:55:31.340" status="PASS"></status>
</kw>
<kw library="ParserKeywords" name="Get Width">
<assign>
<var>${width}</var>
</assign>
<msg level="INFO" timestamp="20160331 18:55:31.398">${width} = 3</msg>
<status endtime="20160331 18:55:31.452" starttime="20160331 18:55:31.391" status="PASS"></status>
</kw>
<kw library="BuiltIn" name="Should Be Equal">
<doc>Fails if the given objects are unequal.</doc>
<arguments>
<arg>3</arg>
<arg>${width}</arg>
</arguments>
<status endtime="20160331 18:55:31.485" starttime="20160331 18:55:31.461" status="PASS"></status>
</kw>
<kw library="ParserKeywords" name="Get Height">
<assign>
<var>${height}</var>
</assign>
<msg level="INFO" timestamp="20160331 18:55:31.520">${height} = 2</msg>
<status endtime="20160331 18:55:31.522" starttime="20160331 18:55:31.511" status="PASS"></status>
</kw>
<kw library="BuiltIn" name="Should Be Equal">
<doc>Fails if the given objects are unequal.</doc>
<arguments>
<arg>2</arg>
<arg>${height}</arg>
</arguments>
<status endtime="20160331 18:55:31.562" starttime="20160331 18:55:31.533" status="PASS"></status>
</kw>
<kw library="ParserKeywords" name="Get Type">
<assign>
<var>${type}</var>
</assign>
<msg level="INFO" timestamp="20160331 18:55:31.589">${type} = ellipsoid</msg>
<status endtime="20160331 18:55:31.591" starttime="20160331 18:55:31.580" status="PASS"></status>
</kw>
<kw library="BuiltIn" name="Should Be Equal">
<doc>Fails if the given objects are unequal.</doc>
<arguments>
<arg>ellipsoid</arg>
<arg>${type}</arg>
</arguments>
<status endtime="20160331 18:55:31.611" starttime="20160331 18:55:31.597" status="PASS"></status>
</kw>
<kw library="ParserKeywords" name="Get Digits">
<assign>
<var>${digits}</var>
</assign>
<msg level="INFO" timestamp="20160331 18:55:31.626">${digits} = 1</msg>
<status endtime="20160331 18:55:31.629" starttime="20160331 18:55:31.616" status="PASS"></status>
</kw>
<kw library="BuiltIn" name="Should Be Equal">
<doc>Fails if the given objects are unequal.</doc>
<arguments>
<arg>1</arg>
<arg>${digits}</arg>
</arguments>
<status endtime="20160331 18:55:31.653" starttime="20160331 18:55:31.634" status="PASS"></status>
</kw>
<status critical="yes" endtime="20160331 18:55:31.664" starttime="20160331 18:55:31.212" status="PASS"></status>
</test>
<test name="Test Named Argument Anywhere" id="s1-t9">
<kw library="ParserKeywords" name="Start Volume Cacluator With Arguments">
<arguments>
<arg>--type</arg>
<arg>ellipsoid</arg>
<arg>7</arg>
<arg>3</arg>
<arg>--digits</arg>
<arg>1</arg>
<arg>2</arg>
</arguments>
<status endtime="20160331 18:55:31.746" starttime="20160331 18:55:31.713" status="PASS"></status>
</kw>
<kw library="ParserKeywords" name="Get Length">
<assign>
<var>${length}</var>
</assign>
<msg level="WARN" timestamp="20160331 18:55:28.513">Keyword 'Get Length' found both from a custom test library 'ParserKeywords' and a standard library 'BuiltIn'. The custom keyword is used. To select explicitly, and to get rid of this warning, use either 'ParserKeywords.Get Length' or 'BuiltIn.Get Length'.</msg>
<msg level="WARN" timestamp="20160331 18:55:30.340">Keyword 'Get Length' found both from a custom test library 'ParserKeywords' and a standard library 'BuiltIn'. The custom keyword is used. To select explicitly, and to get rid of this warning, use either 'ParserKeywords.Get Length' or 'BuiltIn.Get Length'.</msg>
<msg level="WARN" timestamp="20160331 18:55:30.809">Keyword 'Get Length' found both from a custom test library 'ParserKeywords' and a standard library 'BuiltIn'. The custom keyword is used. To select explicitly, and to get rid of this warning, use either 'ParserKeywords.Get Length' or 'BuiltIn.Get Length'.</msg>
<msg level="WARN" timestamp="20160331 18:55:31.289">Keyword 'Get Length' found both from a custom test library 'ParserKeywords' and a standard library 'BuiltIn'. The custom keyword is used. To select explicitly, and to get rid of this warning, use either 'ParserKeywords.Get Length' or 'BuiltIn.Get Length'.</msg>
<msg level="WARN" timestamp="20160331 18:55:31.758">Keyword 'Get Length' found both from a custom test library 'ParserKeywords' and a standard library 'BuiltIn'. The custom keyword is used. To select explicitly, and to get rid of this warning, use either 'ParserKeywords.Get Length' or 'BuiltIn.Get Length'.</msg>
<msg level="INFO" timestamp="20160331 18:55:31.872">${length} = 7</msg>
<status endtime="20160331 18:55:31.877" starttime="20160331 18:55:31.759" status="PASS"></status>
</kw>
<kw library="BuiltIn" name="Should Be Equal">
<doc>Fails if the given objects are unequal.</doc>
<arguments>
<arg>7</arg>
<arg>${length}</arg>
</arguments>
<status endtime="20160331 18:55:31.892" starttime="20160331 18:55:31.882" status="PASS"></status>
</kw>
<kw library="ParserKeywords" name="Get Width">
<assign>
<var>${width}</var>
</assign>
<msg level="INFO" timestamp="20160331 18:55:31.914">${width} = 3</msg>
<status endtime="20160331 18:55:31.916" starttime="20160331 18:55:31.900" status="PASS"></status>
</kw>
<kw library="BuiltIn" name="Should Be Equal">
<doc>Fails if the given objects are unequal.</doc>
<arguments>
<arg>3</arg>
<arg>${width}</arg>
</arguments>
<status endtime="20160331 18:55:31.935" starttime="20160331 18:55:31.921" status="PASS"></status>
</kw>
<kw library="ParserKeywords" name="Get Height">
<assign>
<var>${height}</var>
</assign>
<msg level="INFO" timestamp="20160331 18:55:31.970">${height} = 2</msg>
<status endtime="20160331 18:55:31.971" starttime="20160331 18:55:31.962" status="PASS"></status>
</kw>
<kw library="BuiltIn" name="Should Be Equal">
<doc>Fails if the given objects are unequal.</doc>
<arguments>
<arg>2</arg>
<arg>${height}</arg>
</arguments>
<status endtime="20160331 18:55:32.012" starttime="20160331 18:55:32.000" status="PASS"></status>
</kw>
<kw library="ParserKeywords" name="Get Type">
<assign>
<var>${type}</var>
</assign>
<msg level="INFO" timestamp="20160331 18:55:32.025">${type} = ellipsoid</msg>
<status endtime="20160331 18:55:32.027" starttime="20160331 18:55:32.018" status="PASS"></status>
</kw>
<kw library="BuiltIn" name="Should Be Equal">
<doc>Fails if the given objects are unequal.</doc>
<arguments>
<arg>ellipsoid</arg>
<arg>${type}</arg>
</arguments>
<status endtime="20160331 18:55:32.047" starttime="20160331 18:55:32.033" status="PASS"></status>
</kw>
<kw library="ParserKeywords" name="Get Digits">
<assign>
<var>${digits}</var>
</assign>
<msg level="INFO" timestamp="20160331 18:55:32.079">${digits} = 1</msg>
<status endtime="20160331 18:55:32.081" starttime="20160331 18:55:32.072" status="PASS"></status>
</kw>
<kw library="BuiltIn" name="Should Be Equal">
<doc>Fails if the given objects are unequal.</doc>
<arguments>
<arg>1</arg>
<arg>${digits}</arg>
</arguments>
<status endtime="20160331 18:55:32.110" starttime="20160331 18:55:32.096" status="PASS"></status>
</kw>
<status critical="yes" endtime="20160331 18:55:32.113" starttime="20160331 18:55:31.681" status="PASS"></status>
</test>
<test name="Test Help Flag" id="s1-t10">
<kw library="ParserKeywords" name="Start Program With Arguments">
<arguments>
<arg>7</arg>
<arg>--help</arg>
<arg>3</arg>
<arg>2</arg>
</arguments>
<status endtime="20160331 18:55:32.335" starttime="20160331 18:55:32.315" status="PASS"></status>
</kw>
<kw library="ParserKeywords" name="Get Program Output">
<assign>
<var>${output}</var>
</assign>
<msg level="INFO" timestamp="20160331 18:55:32.349">${output} = usage: java VolumeCalculator length width height
Calcuate the volume of a box.
positional arguments:
length the length of the box (float)
width the width of the box(float)
height the height of the box...</msg>
<status endtime="20160331 18:55:32.351" starttime="20160331 18:55:32.341" status="PASS"></status>
</kw>
<kw library="BuiltIn" name="Should Be Equal">
<doc>Fails if the given objects are unequal.</doc>
<arguments>
<arg>${expected1}</arg>
<arg>${output}</arg>
</arguments>
<status endtime="20160331 18:55:32.372" starttime="20160331 18:55:32.356" status="PASS"></status>
</kw>
<status critical="yes" endtime="20160331 18:55:32.382" starttime="20160331 18:55:32.273" status="PASS"></status>
</test>
<test name="Test Short Form Arguments" id="s1-t11">
<kw library="ParserKeywords" name="Start Volume Cacluator With Arguments">
<arguments>
<arg>-t</arg>
<arg>ellipsoid</arg>
<arg>7</arg>
<arg>3</arg>
<arg>-d</arg>
<arg>1</arg>
<arg>2</arg>
</arguments>
<status endtime="20160331 18:55:32.446" starttime="20160331 18:55:32.411" status="PASS"></status>
</kw>
<kw library="ParserKeywords" name="Get Length">
<assign>
<var>${length}</var>
</assign>
<msg level="WARN" timestamp="20160331 18:55:28.513">Keyword 'Get Length' found both from a custom test library 'ParserKeywords' and a standard library 'BuiltIn'. The custom keyword is used. To select explicitly, and to get rid of this warning, use either 'ParserKeywords.Get Length' or 'BuiltIn.Get Length'.</msg>
<msg level="WARN" timestamp="20160331 18:55:30.340">Keyword 'Get Length' found both from a custom test library 'ParserKeywords' and a standard library 'BuiltIn'. The custom keyword is used. To select explicitly, and to get rid of this warning, use either 'ParserKeywords.Get Length' or 'BuiltIn.Get Length'.</msg>
<msg level="WARN" timestamp="20160331 18:55:30.809">Keyword 'Get Length' found both from a custom test library 'ParserKeywords' and a standard library 'BuiltIn'. The custom keyword is used. To select explicitly, and to get rid of this warning, use either 'ParserKeywords.Get Length' or 'BuiltIn.Get Length'.</msg>
<msg level="WARN" timestamp="20160331 18:55:31.289">Keyword 'Get Length' found both from a custom test library 'ParserKeywords' and a standard library 'BuiltIn'. The custom keyword is used. To select explicitly, and to get rid of this warning, use either 'ParserKeywords.Get Length' or 'BuiltIn.Get Length'.</msg>
<msg level="WARN" timestamp="20160331 18:55:31.758">Keyword 'Get Length' found both from a custom test library 'ParserKeywords' and a standard library 'BuiltIn'. The custom keyword is used. To select explicitly, and to get rid of this warning, use either 'ParserKeywords.Get Length' or 'BuiltIn.Get Length'.</msg>
<msg level="WARN" timestamp="20160331 18:55:32.452">Keyword 'Get Length' found both from a custom test library 'ParserKeywords' and a standard library 'BuiltIn'. The custom keyword is used. To select explicitly, and to get rid of this warning, use either 'ParserKeywords.Get Length' or 'BuiltIn.Get Length'.</msg>
<msg level="INFO" timestamp="20160331 18:55:32.584">${length} = 7</msg>
<status endtime="20160331 18:55:32.590" starttime="20160331 18:55:32.453" status="PASS"></status>
</kw>
<kw library="BuiltIn" name="Should Be Equal">
<doc>Fails if the given objects are unequal.</doc>
<arguments>
<arg>7</arg>
<arg>${length}</arg>
</arguments>
<status endtime="20160331 18:55:32.606" starttime="20160331 18:55:32.594" status="PASS"></status>
</kw>
<kw library="ParserKeywords" name="Get Width">
<assign>
<var>${width}</var>
</assign>
<msg level="INFO" timestamp="20160331 18:55:32.619">${width} = 3</msg>
<status endtime="20160331 18:55:32.620" starttime="20160331 18:55:32.610" status="PASS"></status>
</kw>
<kw library="BuiltIn" name="Should Be Equal">
<doc>Fails if the given objects are unequal.</doc>
<arguments>
<arg>3</arg>
<arg>${width}</arg>
</arguments>
<status endtime="20160331 18:55:32.674" starttime="20160331 18:55:32.660" status="PASS"></status>
</kw>
<kw library="ParserKeywords" name="Get Height">
<assign>
<var>${height}</var>
</assign>
<msg level="INFO" timestamp="20160331 18:55:32.695">${height} = 2</msg>
<status endtime="20160331 18:55:32.699" starttime="20160331 18:55:32.682" status="PASS"></status>
</kw>
<kw library="BuiltIn" name="Should Be Equal">
<doc>Fails if the given objects are unequal.</doc>
<arguments>
<arg>2</arg>
<arg>${height}</arg>
</arguments>
<status endtime="20160331 18:55:32.728" starttime="20160331 18:55:32.707" status="PASS"></status>
</kw>
<kw library="ParserKeywords" name="Get Type">
<assign>
<var>${type}</var>
</assign>
<msg level="INFO" timestamp="20160331 18:55:32.765">${type} = ellipsoid</msg>
<status endtime="20160331 18:55:32.775" starttime="20160331 18:55:32.740" status="PASS"></status>
</kw>
<kw library="BuiltIn" name="Should Be Equal">
<doc>Fails if the given objects are unequal.</doc>
<arguments>
<arg>ellipsoid</arg>
<arg>${type}</arg>
</arguments>
<status endtime="20160331 18:55:32.806" starttime="20160331 18:55:32.795" status="PASS"></status>
</kw>
<kw library="ParserKeywords" name="Get Digits">
<assign>
<var>${digits}</var>
</assign>
<msg level="INFO" timestamp="20160331 18:55:32.825">${digits} = 1</msg>
<status endtime="20160331 18:55:32.827" starttime="20160331 18:55:32.818" status="PASS"></status>
</kw>
<kw library="BuiltIn" name="Should Be Equal">
<doc>Fails if the given objects are unequal.</doc>
<arguments>
<arg>1</arg>
<arg>${digits}</arg>
</arguments>
<status endtime="20160331 18:55:32.855" starttime="20160331 18:55:32.833" status="PASS"></status>
</kw>
<status critical="yes" endtime="20160331 18:55:32.864" starttime="20160331 18:55:32.402" status="PASS"></status>
</test>
<status endtime="20160331 18:55:32.911" starttime="20160331 18:55:26.158" status="PASS"></status>
</suite>
<statistics>
<total>
<stat pass="11" fail="0">Critical Tests</stat>
<stat pass="11" fail="0">All Tests</stat>
</total>
<tag>
</tag>
<suite>
<stat pass="11" fail="0" name="ParserFeatureAcceptanceTest" id="s1">ParserFeatureAcceptanceTest</stat>
</suite>
</statistics>
<errors>
<msg level="WARN" timestamp="20160331 18:55:28.513">Keyword 'Get Length' found both from a custom test library 'ParserKeywords' and a standard library 'BuiltIn'. The custom keyword is used. To select explicitly, and to get rid of this warning, use either 'ParserKeywords.Get Length' or 'BuiltIn.Get Length'.</msg>
<msg level="WARN" timestamp="20160331 18:55:28.513">Keyword 'Get Length' found both from a custom test library 'ParserKeywords' and a standard library 'BuiltIn'. The custom keyword is used. To select explicitly, and to get rid of this warning, use either 'ParserKeywords.Get Length' or 'BuiltIn.Get Length'.</msg>
<msg level="WARN" timestamp="20160331 18:55:30.340">Keyword 'Get Length' found both from a custom test library 'ParserKeywords' and a standard library 'BuiltIn'. The custom keyword is used. To select explicitly, and to get rid of this warning, use either 'ParserKeywords.Get Length' or 'BuiltIn.Get Length'.</msg>
<msg level="WARN" timestamp="20160331 18:55:28.513">Keyword 'Get Length' found both from a custom test library 'ParserKeywords' and a standard library 'BuiltIn'. The custom keyword is used. To select explicitly, and to get rid of this warning, use either 'ParserKeywords.Get Length' or 'BuiltIn.Get Length'.</msg>
<msg level="WARN" timestamp="20160331 18:55:30.340">Keyword 'Get Length' found both from a custom test library 'ParserKeywords' and a standard library 'BuiltIn'. The custom keyword is used. To select explicitly, and to get rid of this warning, use either 'ParserKeywords.Get Length' or 'BuiltIn.Get Length'.</msg>
<msg level="WARN" timestamp="20160331 18:55:30.809">Keyword 'Get Length' found both from a custom test library 'ParserKeywords' and a standard library 'BuiltIn'. The custom keyword is used. To select explicitly, and to get rid of this warning, use either 'ParserKeywords.Get Length' or 'BuiltIn.Get Length'.</msg>
<msg level="WARN" timestamp="20160331 18:55:28.513">Keyword 'Get Length' found both from a custom test library 'ParserKeywords' and a standard library 'BuiltIn'. The custom keyword is used. To select explicitly, and to get rid of this warning, use either 'ParserKeywords.Get Length' or 'BuiltIn.Get Length'.</msg>
<msg level="WARN" timestamp="20160331 18:55:30.340">Keyword 'Get Length' found both from a custom test library 'ParserKeywords' and a standard library 'BuiltIn'. The custom keyword is used. To select explicitly, and to get rid of this warning, use either 'ParserKeywords.Get Length' or 'BuiltIn.Get Length'.</msg>
<msg level="WARN" timestamp="20160331 18:55:30.809">Keyword 'Get Length' found both from a custom test library 'ParserKeywords' and a standard library 'BuiltIn'. The custom keyword is used. To select explicitly, and to get rid of this warning, use either 'ParserKeywords.Get Length' or 'BuiltIn.Get Length'.</msg>
<msg level="WARN" timestamp="20160331 18:55:31.289">Keyword 'Get Length' found both from a custom test library 'ParserKeywords' and a standard library 'BuiltIn'. The custom keyword is used. To select explicitly, and to get rid of this warning, use either 'ParserKeywords.Get Length' or 'BuiltIn.Get Length'.</msg>
<msg level="WARN" timestamp="20160331 18:55:28.513">Keyword 'Get Length' found both from a custom test library 'ParserKeywords' and a standard library 'BuiltIn'. The custom keyword is used. To select explicitly, and to get rid of this warning, use either 'ParserKeywords.Get Length' or 'BuiltIn.Get Length'.</msg>
<msg level="WARN" timestamp="20160331 18:55:30.340">Keyword 'Get Length' found both from a custom test library 'ParserKeywords' and a standard library 'BuiltIn'. The custom keyword is used. To select explicitly, and to get rid of this warning, use either 'ParserKeywords.Get Length' or 'BuiltIn.Get Length'.</msg>
<msg level="WARN" timestamp="20160331 18:55:30.809">Keyword 'Get Length' found both from a custom test library 'ParserKeywords' and a standard library 'BuiltIn'. The custom keyword is used. To select explicitly, and to get rid of this warning, use either 'ParserKeywords.Get Length' or 'BuiltIn.Get Length'.</msg>
<msg level="WARN" timestamp="20160331 18:55:31.289">Keyword 'Get Length' found both from a custom test library 'ParserKeywords' and a standard library 'BuiltIn'. The custom keyword is used. To select explicitly, and to get rid of this warning, use either 'ParserKeywords.Get Length' or 'BuiltIn.Get Length'.</msg>
<msg level="WARN" timestamp="20160331 18:55:31.758">Keyword 'Get Length' found both from a custom test library 'ParserKeywords' and a standard library 'BuiltIn'. The custom keyword is used. To select explicitly, and to get rid of this warning, use either 'ParserKeywords.Get Length' or 'BuiltIn.Get Length'.</msg>
<msg level="WARN" timestamp="20160331 18:55:28.513">Keyword 'Get Length' found both from a custom test library 'ParserKeywords' and a standard library 'BuiltIn'. The custom keyword is used. To select explicitly, and to get rid of this warning, use either 'ParserKeywords.Get Length' or 'BuiltIn.Get Length'.</msg>
<msg level="WARN" timestamp="20160331 18:55:30.340">Keyword 'Get Length' found both from a custom test library 'ParserKeywords' and a standard library 'BuiltIn'. The custom keyword is used. To select explicitly, and to get rid of this warning, use either 'ParserKeywords.Get Length' or 'BuiltIn.Get Length'.</msg>
<msg level="WARN" timestamp="20160331 18:55:30.809">Keyword 'Get Length' found both from a custom test library 'ParserKeywords' and a standard library 'BuiltIn'. The custom keyword is used. To select explicitly, and to get rid of this warning, use either 'ParserKeywords.Get Length' or 'BuiltIn.Get Length'.</msg>
<msg level="WARN" timestamp="20160331 18:55:31.289">Keyword 'Get Length' found both from a custom test library 'ParserKeywords' and a standard library 'BuiltIn'. The custom keyword is used. To select explicitly, and to get rid of this warning, use either 'ParserKeywords.Get Length' or 'BuiltIn.Get Length'.</msg>
<msg level="WARN" timestamp="20160331 18:55:31.758">Keyword 'Get Length' found both from a custom test library 'ParserKeywords' and a standard library 'BuiltIn'. The custom keyword is used. To select explicitly, and to get rid of this warning, use either 'ParserKeywords.Get Length' or 'BuiltIn.Get Length'.</msg>
<msg level="WARN" timestamp="20160331 18:55:32.452">Keyword 'Get Length' found both from a custom test library 'ParserKeywords' and a standard library 'BuiltIn'. The custom keyword is used. To select explicitly, and to get rid of this warning, use either 'ParserKeywords.Get Length' or 'BuiltIn.Get Length'.</msg>
</errors>
</robot>
